{
  'content-length': '71',
  'accept-encoding': 'gzip, deflate, br',
  cookie: 'connect.sid=s%3AkwdYn1RQIguo6OcnAEd3rztaZh32JyCo.LoCD0V3%2FtiZlV3G%2BN6YX69wgkn04fGbq6WMYlhOd0WM',
  accept: '*/*',
  'user-agent': 'Thunder Client (https://www.thunderclient.com)',
  'content-type': 'application/json',
  host: 'localhost:8998',
  connection: 'close',
  level: 'info',
  app: 'Text Based Chat Application',
  version: '1.0',
  timestamp: '2023-05-04T12:25:28.002Z'
}
{
  'content-length': '71',
  'accept-encoding': 'gzip, deflate, br',
  cookie: 'connect.sid=s%3AkwdYn1RQIguo6OcnAEd3rztaZh32JyCo.LoCD0V3%2FtiZlV3G%2BN6YX69wgkn04fGbq6WMYlhOd0WM',
  accept: '*/*',
  'user-agent': 'Thunder Client (https://www.thunderclient.com)',
  'content-type': 'application/json',
  host: 'localhost:8998',
  connection: 'close',
  level: 'info',
  app: 'Text Based Chat Application',
  version: '1.0',
  timestamp: '2023-05-04T12:28:37.520Z'
}
{
  'content-length': '71',
  'accept-encoding': 'gzip, deflate, br',
  cookie: 'connect.sid=s%3AkwdYn1RQIguo6OcnAEd3rztaZh32JyCo.LoCD0V3%2FtiZlV3G%2BN6YX69wgkn04fGbq6WMYlhOd0WM',
  accept: '*/*',
  'user-agent': 'Thunder Client (https://www.thunderclient.com)',
  'content-type': 'application/json',
  host: 'localhost:8998',
  connection: 'close',
  level: 'info',
  app: 'Text Based Chat Application',
  version: '1.0',
  timestamp: '2023-05-04T12:38:10.868Z'
}
{
  '0': {
    'content-length': '71',
    'accept-encoding': 'gzip, deflate, br',
    cookie: 'connect.sid=s%3AkwdYn1RQIguo6OcnAEd3rztaZh32JyCo.LoCD0V3%2FtiZlV3G%2BN6YX69wgkn04fGbq6WMYlhOd0WM',
    accept: '*/*',
    'user-agent': 'Thunder Client (https://www.thunderclient.com)',
    'content-type': 'application/json',
    host: 'localhost:8998',
    connection: 'close'
  },
  app: 'Text Based Chat Application',
  version: '1.0',
  level: 'info',
  message: '::ffff:127.0.0.1',
  timestamp: '2023-05-04T12:41:53.968Z'
}
{
  '0': {
    'content-length': '71',
    'accept-encoding': 'gzip, deflate, br',
    cookie: 'connect.sid=s%3AkwdYn1RQIguo6OcnAEd3rztaZh32JyCo.LoCD0V3%2FtiZlV3G%2BN6YX69wgkn04fGbq6WMYlhOd0WM',
    accept: '*/*',
    'user-agent': 'Thunder Client (https://www.thunderclient.com)',
    'content-type': 'application/json',
    host: 'localhost:8998',
    connection: 'close'
  },
  app: 'Text Based Chat Application',
  version: '1.0',
  level: 'info',
  message: '::ffff:127.0.0.1',
  timestamp: '2023-05-04T12:42:54.483Z'
}
